===========================checking created topics============================
Topic: experience_insights.session_summaries.PT1M.13	TopicId: i27NyPKPSaWPx3-wo3belA	PartitionCount: 20	ReplicationFactor: 2	Configs: compression.type=gzip,segment.bytes=536870912,retention.ms=7200000,message.format.version=3.0-IV1,max.message.bytes=100000000,unclean.leader.election.enable=true,retention.bytes=10737418240
	Topic: experience_insights.session_summaries.PT1M.13	Partition: 0	Leader: 1	Replicas: 1,4	Isr: 1,4
	Topic: experience_insights.session_summaries.PT1M.13	Partition: 1	Leader: 4	Replicas: 4,2	Isr: 4,2
	Topic: experience_insights.session_summaries.PT1M.13	Partition: 2	Leader: 2	Replicas: 2,3	Isr: 2,3
	Topic: experience_insights.session_summaries.PT1M.13	Partition: 3	Leader: 3	Replicas: 3,0	Isr: 3,0
	Topic: experience_insights.session_summaries.PT1M.13	Partition: 4	Leader: 0	Replicas: 0,1	Isr: 0,1
	Topic: experience_insights.session_summaries.PT1M.13	Partition: 5	Leader: 1	Replicas: 1,2	Isr: 1,2
	Topic: experience_insights.session_summaries.PT1M.13	Partition: 6	Leader: 4	Replicas: 4,3	Isr: 4,3
	Topic: experience_insights.session_summaries.PT1M.13	Partition: 7	Leader: 2	Replicas: 2,0	Isr: 2,0
	Topic: experience_insights.session_summaries.PT1M.13	Partition: 8	Leader: 3	Replicas: 3,1	Isr: 3,1
	Topic: experience_insights.session_summaries.PT1M.13	Partition: 9	Leader: 0	Replicas: 0,4	Isr: 0,4
	Topic: experience_insights.session_summaries.PT1M.13	Partition: 10	Leader: 1	Replicas: 1,3	Isr: 1,3
	Topic: experience_insights.session_summaries.PT1M.13	Partition: 11	Leader: 4	Replicas: 4,0	Isr: 4,0
	Topic: experience_insights.session_summaries.PT1M.13	Partition: 12	Leader: 2	Replicas: 2,1	Isr: 2,1
	Topic: experience_insights.session_summaries.PT1M.13	Partition: 13	Leader: 3	Replicas: 3,4	Isr: 3,4
	Topic: experience_insights.session_summaries.PT1M.13	Partition: 14	Leader: 0	Replicas: 0,2	Isr: 0,2
	Topic: experience_insights.session_summaries.PT1M.13	Partition: 15	Leader: 1	Replicas: 1,0	Isr: 1,0
	Topic: experience_insights.session_summaries.PT1M.13	Partition: 16	Leader: 4	Replicas: 4,1	Isr: 4,1
	Topic: experience_insights.session_summaries.PT1M.13	Partition: 17	Leader: 2	Replicas: 2,4	Isr: 2,4
	Topic: experience_insights.session_summaries.PT1M.13	Partition: 18	Leader: 3	Replicas: 3,2	Isr: 3,2
	Topic: experience_insights.session_summaries.PT1M.13	Partition: 19	Leader: 0	Replicas: 0,3	Isr: 0,3
Topic: ad_experience.session_summaries.PT1M.13	TopicId: ohpZ-iZ6SYm7VTvrgmE-DQ	PartitionCount: 20	ReplicationFactor: 2	Configs: compression.type=gzip,segment.bytes=536870912,retention.ms=7200000,message.format.version=3.0-IV1,max.message.bytes=100000000,unclean.leader.election.enable=true,retention.bytes=10737418240
	Topic: ad_experience.session_summaries.PT1M.13	Partition: 0	Leader: 3	Replicas: 3,0	Isr: 3,0
	Topic: ad_experience.session_summaries.PT1M.13	Partition: 1	Leader: 0	Replicas: 0,1	Isr: 0,1
	Topic: ad_experience.session_summaries.PT1M.13	Partition: 2	Leader: 1	Replicas: 1,4	Isr: 1,4
	Topic: ad_experience.session_summaries.PT1M.13	Partition: 3	Leader: 4	Replicas: 4,2	Isr: 4,2
	Topic: ad_experience.session_summaries.PT1M.13	Partition: 4	Leader: 2	Replicas: 2,3	Isr: 2,3
	Topic: ad_experience.session_summaries.PT1M.13	Partition: 5	Leader: 3	Replicas: 3,1	Isr: 3,1
	Topic: ad_experience.session_summaries.PT1M.13	Partition: 6	Leader: 0	Replicas: 0,4	Isr: 0,4
	Topic: ad_experience.session_summaries.PT1M.13	Partition: 7	Leader: 1	Replicas: 1,2	Isr: 1,2
	Topic: ad_experience.session_summaries.PT1M.13	Partition: 8	Leader: 4	Replicas: 4,3	Isr: 4,3
	Topic: ad_experience.session_summaries.PT1M.13	Partition: 9	Leader: 2	Replicas: 2,0	Isr: 2,0
	Topic: ad_experience.session_summaries.PT1M.13	Partition: 10	Leader: 3	Replicas: 3,4	Isr: 3,4
	Topic: ad_experience.session_summaries.PT1M.13	Partition: 11	Leader: 0	Replicas: 0,2	Isr: 0,2
	Topic: ad_experience.session_summaries.PT1M.13	Partition: 12	Leader: 1	Replicas: 1,3	Isr: 1,3
	Topic: ad_experience.session_summaries.PT1M.13	Partition: 13	Leader: 4	Replicas: 4,0	Isr: 4,0
	Topic: ad_experience.session_summaries.PT1M.13	Partition: 14	Leader: 2	Replicas: 2,1	Isr: 2,1
	Topic: ad_experience.session_summaries.PT1M.13	Partition: 15	Leader: 3	Replicas: 3,2	Isr: 3,2
	Topic: ad_experience.session_summaries.PT1M.13	Partition: 16	Leader: 0	Replicas: 0,3	Isr: 0,3
	Topic: ad_experience.session_summaries.PT1M.13	Partition: 17	Leader: 1	Replicas: 1,0	Isr: 1,0
	Topic: ad_experience.session_summaries.PT1M.13	Partition: 18	Leader: 4	Replicas: 4,1	Isr: 4,1
	Topic: ad_experience.session_summaries.PT1M.13	Partition: 19	Leader: 2	Replicas: 2,4	Isr: 2,4
Topic: pii.session_summaries.PT1M.13	TopicId: kgLXKIClSnijWIMjMT2hdQ	PartitionCount: 10	ReplicationFactor: 2	Configs: compression.type=gzip,segment.bytes=536870912,retention.ms=7200000,message.format.version=3.0-IV1,max.message.bytes=100000000,unclean.leader.election.enable=true,retention.bytes=10737418240
	Topic: pii.session_summaries.PT1M.13	Partition: 0	Leader: 1	Replicas: 1,0	Isr: 1,0
	Topic: pii.session_summaries.PT1M.13	Partition: 1	Leader: 4	Replicas: 4,1	Isr: 4,1
	Topic: pii.session_summaries.PT1M.13	Partition: 2	Leader: 2	Replicas: 2,4	Isr: 2,4
	Topic: pii.session_summaries.PT1M.13	Partition: 3	Leader: 3	Replicas: 3,2	Isr: 3,2
	Topic: pii.session_summaries.PT1M.13	Partition: 4	Leader: 0	Replicas: 0,3	Isr: 0,3
	Topic: pii.session_summaries.PT1M.13	Partition: 5	Leader: 1	Replicas: 1,4	Isr: 1,4
	Topic: pii.session_summaries.PT1M.13	Partition: 6	Leader: 4	Replicas: 4,2	Isr: 4,2
	Topic: pii.session_summaries.PT1M.13	Partition: 7	Leader: 2	Replicas: 2,3	Isr: 2,3
	Topic: pii.session_summaries.PT1M.13	Partition: 8	Leader: 3	Replicas: 3,0	Isr: 3,0
	Topic: pii.session_summaries.PT1M.13	Partition: 9	Leader: 0	Replicas: 0,1	Isr: 0,1
Topic: tlb-rt-sess-summary-nbcu-d2c	TopicId: aK2zkErXQl2OFJ1TmeSOKQ	PartitionCount: 20	ReplicationFactor: 2	Configs: compression.type=gzip,segment.bytes=209715200,retention.ms=1200000,message.format.version=3.0-IV1,max.message.bytes=100000000,unclean.leader.election.enable=true,retention.bytes=1073741824
	Topic: tlb-rt-sess-summary-nbcu-d2c	Partition: 0	Leader: 3	Replicas: 3,2	Isr: 3,2
	Topic: tlb-rt-sess-summary-nbcu-d2c	Partition: 1	Leader: 0	Replicas: 0,3	Isr: 0,3
	Topic: tlb-rt-sess-summary-nbcu-d2c	Partition: 2	Leader: 1	Replicas: 1,0	Isr: 1,0
	Topic: tlb-rt-sess-summary-nbcu-d2c	Partition: 3	Leader: 4	Replicas: 4,1	Isr: 4,1
	Topic: tlb-rt-sess-summary-nbcu-d2c	Partition: 4	Leader: 2	Replicas: 2,4	Isr: 2,4
	Topic: tlb-rt-sess-summary-nbcu-d2c	Partition: 5	Leader: 3	Replicas: 3,0	Isr: 3,0
	Topic: tlb-rt-sess-summary-nbcu-d2c	Partition: 6	Leader: 0	Replicas: 0,1	Isr: 0,1
	Topic: tlb-rt-sess-summary-nbcu-d2c	Partition: 7	Leader: 1	Replicas: 1,4	Isr: 1,4
	Topic: tlb-rt-sess-summary-nbcu-d2c	Partition: 8	Leader: 4	Replicas: 4,2	Isr: 4,2
	Topic: tlb-rt-sess-summary-nbcu-d2c	Partition: 9	Leader: 2	Replicas: 2,3	Isr: 2,3
	Topic: tlb-rt-sess-summary-nbcu-d2c	Partition: 10	Leader: 3	Replicas: 3,1	Isr: 3,1
	Topic: tlb-rt-sess-summary-nbcu-d2c	Partition: 11	Leader: 0	Replicas: 0,4	Isr: 0,4
	Topic: tlb-rt-sess-summary-nbcu-d2c	Partition: 12	Leader: 1	Replicas: 1,2	Isr: 1,2
	Topic: tlb-rt-sess-summary-nbcu-d2c	Partition: 13	Leader: 4	Replicas: 4,3	Isr: 4,3
	Topic: tlb-rt-sess-summary-nbcu-d2c	Partition: 14	Leader: 2	Replicas: 2,0	Isr: 2,0
	Topic: tlb-rt-sess-summary-nbcu-d2c	Partition: 15	Leader: 3	Replicas: 3,4	Isr: 3,4
	Topic: tlb-rt-sess-summary-nbcu-d2c	Partition: 16	Leader: 0	Replicas: 0,2	Isr: 0,2
	Topic: tlb-rt-sess-summary-nbcu-d2c	Partition: 17	Leader: 1	Replicas: 1,3	Isr: 1,3
	Topic: tlb-rt-sess-summary-nbcu-d2c	Partition: 18	Leader: 4	Replicas: 4,0	Isr: 4,0
	Topic: tlb-rt-sess-summary-nbcu-d2c	Partition: 19	Leader: 2	Replicas: 2,1	Isr: 2,1
Topic: tlb-rt-ad-sess-summary-nbcu-d2c	TopicId: Gk5QaJKUQEOoorg2DXcN2A	PartitionCount: 20	ReplicationFactor: 2	Configs: compression.type=gzip,segment.bytes=209715200,retention.ms=1200000,message.format.version=3.0-IV1,max.message.bytes=100000000,unclean.leader.election.enable=true,retention.bytes=1073741824
	Topic: tlb-rt-ad-sess-summary-nbcu-d2c	Partition: 0	Leader: 0	Replicas: 0,3	Isr: 0,3
	Topic: tlb-rt-ad-sess-summary-nbcu-d2c	Partition: 1	Leader: 1	Replicas: 1,0	Isr: 1,0
	Topic: tlb-rt-ad-sess-summary-nbcu-d2c	Partition: 2	Leader: 4	Replicas: 4,1	Isr: 4,1
	Topic: tlb-rt-ad-sess-summary-nbcu-d2c	Partition: 3	Leader: 2	Replicas: 2,4	Isr: 2,4
	Topic: tlb-rt-ad-sess-summary-nbcu-d2c	Partition: 4	Leader: 3	Replicas: 3,2	Isr: 3,2
	Topic: tlb-rt-ad-sess-summary-nbcu-d2c	Partition: 5	Leader: 0	Replicas: 0,1	Isr: 0,1
	Topic: tlb-rt-ad-sess-summary-nbcu-d2c	Partition: 6	Leader: 1	Replicas: 1,4	Isr: 1,4
	Topic: tlb-rt-ad-sess-summary-nbcu-d2c	Partition: 7	Leader: 4	Replicas: 4,2	Isr: 4,2
	Topic: tlb-rt-ad-sess-summary-nbcu-d2c	Partition: 8	Leader: 2	Replicas: 2,3	Isr: 2,3
	Topic: tlb-rt-ad-sess-summary-nbcu-d2c	Partition: 9	Leader: 3	Replicas: 3,0	Isr: 3,0
	Topic: tlb-rt-ad-sess-summary-nbcu-d2c	Partition: 10	Leader: 0	Replicas: 0,4	Isr: 0,4
	Topic: tlb-rt-ad-sess-summary-nbcu-d2c	Partition: 11	Leader: 1	Replicas: 1,2	Isr: 1,2
	Topic: tlb-rt-ad-sess-summary-nbcu-d2c	Partition: 12	Leader: 4	Replicas: 4,3	Isr: 4,3
	Topic: tlb-rt-ad-sess-summary-nbcu-d2c	Partition: 13	Leader: 2	Replicas: 2,0	Isr: 2,0
	Topic: tlb-rt-ad-sess-summary-nbcu-d2c	Partition: 14	Leader: 3	Replicas: 3,1	Isr: 3,1
	Topic: tlb-rt-ad-sess-summary-nbcu-d2c	Partition: 15	Leader: 0	Replicas: 0,2	Isr: 0,2
	Topic: tlb-rt-ad-sess-summary-nbcu-d2c	Partition: 16	Leader: 1	Replicas: 1,3	Isr: 1,3
	Topic: tlb-rt-ad-sess-summary-nbcu-d2c	Partition: 17	Leader: 4	Replicas: 4,0	Isr: 4,0
	Topic: tlb-rt-ad-sess-summary-nbcu-d2c	Partition: 18	Leader: 2	Replicas: 2,1	Isr: 2,1
	Topic: tlb-rt-ad-sess-summary-nbcu-d2c	Partition: 19	Leader: 3	Replicas: 3,4	Isr: 3,4
Topic: tlb-rt-custom-sess-summary-nbcu-d2c	TopicId: jVAfFuhVSgKsS9t48dZNHQ	PartitionCount: 1	ReplicationFactor: 2	Configs: compression.type=gzip,segment.bytes=209715200,retention.ms=1200000,message.format.version=3.0-IV1,max.message.bytes=100000000,unclean.leader.election.enable=true,retention.bytes=1073741824
	Topic: tlb-rt-custom-sess-summary-nbcu-d2c	Partition: 0	Leader: 4	Replicas: 4,1	Isr: 4,1
Topic: experience_insights.timelines.nbcu_d2c.PT1M.1	TopicId: GOFEGPapTy6uWPkf_VKJsQ	PartitionCount: 1	ReplicationFactor: 2	Configs: compression.type=gzip,segment.bytes=536870912,retention.ms=7200000,message.format.version=3.0-IV1,max.message.bytes=100000000,unclean.leader.election.enable=true,retention.bytes=2147483648
	Topic: experience_insights.timelines.nbcu_d2c.PT1M.1	Partition: 0	Leader: 4	Replicas: 4,2	Isr: 4,2
